2019-11-18 10:53:59,458 INFO (StartupInfoLogger.java:48)- Starting Application on USER-20151010LK with PID 9832 (started by Administrator in E:\市局内网审批系统workspace\spring-boot-activemq)
2019-11-18 10:53:59,502 DEBUG (StartupInfoLogger.java:51)- Running with Spring Boot v1.5.2.RELEASE, Spring v4.3.7.RELEASE
2019-11-18 10:53:59,502 INFO (SpringApplication.java:637)- No active profile set, falling back to default profiles: default
2019-11-18 10:54:04,551 INFO (StartupInfoLogger.java:57)- Started Application in 5.434 seconds (JVM running for 6.564)
2019-11-18 11:13:52,290 INFO (StartupInfoLogger.java:48)- Starting SpringbootJmsApplicationTests on USER-20151010LK with PID 1388 (started by Administrator in E:\市局内网审批系统workspace\spring-boot-activemq)
2019-11-18 11:13:52,291 DEBUG (StartupInfoLogger.java:51)- Running with Spring Boot v1.5.2.RELEASE, Spring v4.3.7.RELEASE
2019-11-18 11:13:52,292 INFO (SpringApplication.java:637)- No active profile set, falling back to default profiles: default
2019-11-18 11:13:55,584 INFO (StartupInfoLogger.java:57)- Started SpringbootJmsApplicationTests in 3.67 seconds (JVM running for 4.284)
2019-11-18 11:14:12,609 INFO (StartupInfoLogger.java:48)- Starting SpringbootJmsApplicationTests on USER-20151010LK with PID 10144 (started by Administrator in E:\市局内网审批系统workspace\spring-boot-activemq)
2019-11-18 11:14:12,610 DEBUG (StartupInfoLogger.java:51)- Running with Spring Boot v1.5.2.RELEASE, Spring v4.3.7.RELEASE
2019-11-18 11:14:12,611 INFO (SpringApplication.java:637)- No active profile set, falling back to default profiles: default
2019-11-18 11:14:16,024 INFO (StartupInfoLogger.java:57)- Started SpringbootJmsApplicationTests in 3.739 seconds (JVM running for 4.326)
2019-11-18 11:16:30,021 INFO (StartupInfoLogger.java:48)- Starting SpringbootJmsApplicationTests on USER-20151010LK with PID 4476 (started by Administrator in E:\市局内网审批系统workspace\spring-boot-activemq)
2019-11-18 11:16:30,022 DEBUG (StartupInfoLogger.java:51)- Running with Spring Boot v1.5.2.RELEASE, Spring v4.3.7.RELEASE
2019-11-18 11:16:30,023 INFO (SpringApplication.java:637)- No active profile set, falling back to default profiles: default
2019-11-18 11:16:33,374 INFO (StartupInfoLogger.java:57)- Started SpringbootJmsApplicationTests in 3.652 seconds (JVM running for 4.224)
2019-11-18 11:17:20,360 INFO (StartupInfoLogger.java:48)- Starting SpringbootJmsApplicationTests on USER-20151010LK with PID 6480 (started by Administrator in E:\市局内网审批系统workspace\spring-boot-activemq)
2019-11-18 11:17:20,361 DEBUG (StartupInfoLogger.java:51)- Running with Spring Boot v1.5.2.RELEASE, Spring v4.3.7.RELEASE
2019-11-18 11:17:20,362 INFO (SpringApplication.java:637)- No active profile set, falling back to default profiles: default
2019-11-18 11:17:23,323 INFO (StartupInfoLogger.java:57)- Started SpringbootJmsApplicationTests in 3.253 seconds (JVM running for 3.822)
2019-11-18 11:18:27,273 INFO (StartupInfoLogger.java:48)- Starting SpringbootJmsApplicationTests on USER-20151010LK with PID 6412 (started by Administrator in E:\市局内网审批系统workspace\spring-boot-activemq)
2019-11-18 11:18:27,274 DEBUG (StartupInfoLogger.java:51)- Running with Spring Boot v1.5.2.RELEASE, Spring v4.3.7.RELEASE
2019-11-18 11:18:27,274 INFO (SpringApplication.java:637)- No active profile set, falling back to default profiles: default
2019-11-18 11:18:30,475 INFO (StartupInfoLogger.java:57)- Started SpringbootJmsApplicationTests in 3.485 seconds (JVM running for 4.047)
2019-11-18 11:19:05,444 INFO (StartupInfoLogger.java:48)- Starting SpringbootJmsApplicationTests on USER-20151010LK with PID 10112 (started by Administrator in E:\市局内网审批系统workspace\spring-boot-activemq)
2019-11-18 11:19:05,446 DEBUG (StartupInfoLogger.java:51)- Running with Spring Boot v1.5.2.RELEASE, Spring v4.3.7.RELEASE
2019-11-18 11:19:05,446 INFO (SpringApplication.java:637)- No active profile set, falling back to default profiles: default
2019-11-18 11:19:08,771 INFO (StartupInfoLogger.java:57)- Started SpringbootJmsApplicationTests in 3.611 seconds (JVM running for 4.201)
2019-11-18 11:19:42,640 INFO (StartupInfoLogger.java:48)- Starting SpringbootJmsApplicationTests on USER-20151010LK with PID 10008 (started by Administrator in E:\市局内网审批系统workspace\spring-boot-activemq)
2019-11-18 11:19:42,643 DEBUG (StartupInfoLogger.java:51)- Running with Spring Boot v1.5.2.RELEASE, Spring v4.3.7.RELEASE
2019-11-18 11:19:42,645 INFO (SpringApplication.java:637)- No active profile set, falling back to default profiles: default
2019-11-18 11:19:46,020 INFO (StartupInfoLogger.java:57)- Started SpringbootJmsApplicationTests in 3.702 seconds (JVM running for 4.263)
2019-11-18 11:20:23,884 INFO (StartupInfoLogger.java:48)- Starting SpringbootJmsApplicationTests on USER-20151010LK with PID 8476 (started by Administrator in E:\市局内网审批系统workspace\spring-boot-activemq)
2019-11-18 11:20:23,886 DEBUG (StartupInfoLogger.java:51)- Running with Spring Boot v1.5.2.RELEASE, Spring v4.3.7.RELEASE
2019-11-18 11:20:23,886 INFO (SpringApplication.java:637)- No active profile set, falling back to default profiles: default
2019-11-18 11:20:27,007 INFO (StartupInfoLogger.java:57)- Started SpringbootJmsApplicationTests in 3.465 seconds (JVM running for 4.066)
2019-11-18 11:21:46,822 INFO (StartupInfoLogger.java:48)- Starting SpringbootJmsApplicationTests on USER-20151010LK with PID 8164 (started by Administrator in E:\市局内网审批系统workspace\spring-boot-activemq)
2019-11-18 11:21:46,824 DEBUG (StartupInfoLogger.java:51)- Running with Spring Boot v1.5.2.RELEASE, Spring v4.3.7.RELEASE
2019-11-18 11:21:46,824 INFO (SpringApplication.java:637)- No active profile set, falling back to default profiles: default
2019-11-18 11:21:50,090 INFO (StartupInfoLogger.java:57)- Started SpringbootJmsApplicationTests in 3.562 seconds (JVM running for 4.113)
2019-11-18 11:25:35,178 INFO (StartupInfoLogger.java:48)- Starting SpringbootJmsApplicationTests on USER-20151010LK with PID 2084 (started by Administrator in E:\市局内网审批系统workspace\spring-boot-activemq)
2019-11-18 11:25:35,179 DEBUG (StartupInfoLogger.java:51)- Running with Spring Boot v1.5.2.RELEASE, Spring v4.3.7.RELEASE
2019-11-18 11:25:35,180 INFO (SpringApplication.java:637)- No active profile set, falling back to default profiles: default
2019-11-18 11:26:05,647 INFO (StartupInfoLogger.java:48)- Starting SpringbootJmsApplicationTests on USER-20151010LK with PID 9712 (started by Administrator in E:\市局内网审批系统workspace\spring-boot-activemq)
2019-11-18 11:26:05,648 DEBUG (StartupInfoLogger.java:51)- Running with Spring Boot v1.5.2.RELEASE, Spring v4.3.7.RELEASE
2019-11-18 11:26:05,650 INFO (SpringApplication.java:637)- No active profile set, falling back to default profiles: default
2019-11-18 11:26:08,628 INFO (StartupInfoLogger.java:57)- Started SpringbootJmsApplicationTests in 3.283 seconds (JVM running for 3.923)
2019-11-18 11:26:29,053 INFO (StartupInfoLogger.java:48)- Starting SpringbootJmsApplicationTests on USER-20151010LK with PID 9268 (started by Administrator in E:\市局内网审批系统workspace\spring-boot-activemq)
2019-11-18 11:26:29,054 DEBUG (StartupInfoLogger.java:51)- Running with Spring Boot v1.5.2.RELEASE, Spring v4.3.7.RELEASE
2019-11-18 11:26:29,057 INFO (SpringApplication.java:637)- No active profile set, falling back to default profiles: default
2019-11-18 11:26:32,994 INFO (StartupInfoLogger.java:57)- Started SpringbootJmsApplicationTests in 4.356 seconds (JVM running for 5.668)
2019-11-18 11:30:02,043 INFO (StartupInfoLogger.java:48)- Starting SpringbootJmsApplicationTests on USER-20151010LK with PID 2408 (started by Administrator in E:\市局内网审批系统workspace\spring-boot-activemq)
2019-11-18 11:30:02,043 DEBUG (StartupInfoLogger.java:51)- Running with Spring Boot v1.5.2.RELEASE, Spring v4.3.7.RELEASE
2019-11-18 11:30:02,044 INFO (SpringApplication.java:637)- No active profile set, falling back to default profiles: default
2019-11-18 11:30:05,058 INFO (StartupInfoLogger.java:57)- Started SpringbootJmsApplicationTests in 3.318 seconds (JVM running for 3.872)
2019-11-18 11:30:33,454 INFO (StartupInfoLogger.java:48)- Starting SpringbootJmsApplicationTests on USER-20151010LK with PID 10640 (started by Administrator in E:\市局内网审批系统workspace\spring-boot-activemq)
2019-11-18 11:30:33,455 DEBUG (StartupInfoLogger.java:51)- Running with Spring Boot v1.5.2.RELEASE, Spring v4.3.7.RELEASE
2019-11-18 11:30:33,455 INFO (SpringApplication.java:637)- No active profile set, falling back to default profiles: default
2019-11-18 11:30:36,460 INFO (StartupInfoLogger.java:57)- Started SpringbootJmsApplicationTests in 3.344 seconds (JVM running for 3.969)
2019-11-18 11:37:50,763 INFO (StartupInfoLogger.java:48)- Starting SpringbootJmsApplicationTests on USER-20151010LK with PID 10292 (started by Administrator in E:\市局内网审批系统workspace\spring-boot-activemq)
2019-11-18 11:37:50,764 DEBUG (StartupInfoLogger.java:51)- Running with Spring Boot v1.5.2.RELEASE, Spring v4.3.7.RELEASE
2019-11-18 11:37:50,764 INFO (SpringApplication.java:637)- No active profile set, falling back to default profiles: default
2019-11-18 11:37:53,627 INFO (StartupInfoLogger.java:57)- Started SpringbootJmsApplicationTests in 3.146 seconds (JVM running for 3.703)
2019-11-18 11:38:42,444 INFO (StartupInfoLogger.java:48)- Starting SpringbootJmsApplicationTests on USER-20151010LK with PID 10280 (started by Administrator in E:\市局内网审批系统workspace\spring-boot-activemq)
2019-11-18 11:38:42,445 DEBUG (StartupInfoLogger.java:51)- Running with Spring Boot v1.5.2.RELEASE, Spring v4.3.7.RELEASE
2019-11-18 11:38:42,446 INFO (SpringApplication.java:637)- No active profile set, falling back to default profiles: default
2019-11-18 11:38:45,485 INFO (StartupInfoLogger.java:57)- Started SpringbootJmsApplicationTests in 3.331 seconds (JVM running for 3.89)
2019-11-18 11:39:39,138 INFO (StartupInfoLogger.java:48)- Starting SpringbootJmsApplicationTests on USER-20151010LK with PID 11144 (started by Administrator in E:\市局内网审批系统workspace\spring-boot-activemq)
2019-11-18 11:39:39,140 DEBUG (StartupInfoLogger.java:51)- Running with Spring Boot v1.5.2.RELEASE, Spring v4.3.7.RELEASE
2019-11-18 11:39:39,141 INFO (SpringApplication.java:637)- No active profile set, falling back to default profiles: default
2019-11-18 11:39:41,893 INFO (StartupInfoLogger.java:57)- Started SpringbootJmsApplicationTests in 3.043 seconds (JVM running for 3.585)
2019-11-18 11:40:03,221 INFO (StartupInfoLogger.java:48)- Starting SpringbootJmsApplicationTests on USER-20151010LK with PID 10752 (started by Administrator in E:\市局内网审批系统workspace\spring-boot-activemq)
2019-11-18 11:40:03,222 DEBUG (StartupInfoLogger.java:51)- Running with Spring Boot v1.5.2.RELEASE, Spring v4.3.7.RELEASE
2019-11-18 11:40:03,223 INFO (SpringApplication.java:637)- No active profile set, falling back to default profiles: default
2019-11-18 11:40:06,052 INFO (StartupInfoLogger.java:57)- Started SpringbootJmsApplicationTests in 3.111 seconds (JVM running for 3.657)
2019-11-18 11:41:08,914 INFO (StartupInfoLogger.java:48)- Starting SpringbootJmsApplicationTests on USER-20151010LK with PID 10504 (started by Administrator in E:\市局内网审批系统workspace\spring-boot-activemq)
2019-11-18 11:41:08,915 DEBUG (StartupInfoLogger.java:51)- Running with Spring Boot v1.5.2.RELEASE, Spring v4.3.7.RELEASE
2019-11-18 11:41:08,916 INFO (SpringApplication.java:637)- No active profile set, falling back to default profiles: default
2019-11-18 11:41:11,904 INFO (StartupInfoLogger.java:57)- Started SpringbootJmsApplicationTests in 3.291 seconds (JVM running for 3.87)
2019-11-18 15:48:38,166 INFO (StartupInfoLogger.java:48)- Starting SpringbootJmsApplicationTests on USER-20151010LK with PID 10792 (started by Administrator in E:\市局内网审批系统workspace\spring-boot-activemq)
2019-11-18 15:48:38,167 DEBUG (StartupInfoLogger.java:51)- Running with Spring Boot v1.5.2.RELEASE, Spring v4.3.7.RELEASE
2019-11-18 15:48:38,168 INFO (SpringApplication.java:637)- No active profile set, falling back to default profiles: default
2019-11-18 15:48:40,954 INFO (StartupInfoLogger.java:57)- Started SpringbootJmsApplicationTests in 3.094 seconds (JVM running for 3.672)
2019-11-18 15:49:06,876 INFO (StartupInfoLogger.java:48)- Starting SpringbootJmsApplicationTests on USER-20151010LK with PID 13496 (started by Administrator in E:\市局内网审批系统workspace\spring-boot-activemq)
2019-11-18 15:49:06,878 DEBUG (StartupInfoLogger.java:51)- Running with Spring Boot v1.5.2.RELEASE, Spring v4.3.7.RELEASE
2019-11-18 15:49:06,879 INFO (SpringApplication.java:637)- No active profile set, falling back to default profiles: default
2019-11-18 15:49:09,906 INFO (StartupInfoLogger.java:57)- Started SpringbootJmsApplicationTests in 3.331 seconds (JVM running for 3.906)
2019-11-18 15:50:22,536 INFO (StartupInfoLogger.java:48)- Starting SpringbootJmsApplicationTests on USER-20151010LK with PID 9556 (started by Administrator in E:\市局内网审批系统workspace\spring-boot-activemq)
2019-11-18 15:50:22,540 DEBUG (StartupInfoLogger.java:51)- Running with Spring Boot v1.5.2.RELEASE, Spring v4.3.7.RELEASE
2019-11-18 15:50:22,542 INFO (SpringApplication.java:637)- No active profile set, falling back to default profiles: default
2019-11-18 15:50:25,542 INFO (StartupInfoLogger.java:57)- Started SpringbootJmsApplicationTests in 3.302 seconds (JVM running for 3.876)
2019-11-18 15:50:48,306 INFO (StartupInfoLogger.java:48)- Starting SpringbootJmsApplicationTests on USER-20151010LK with PID 14472 (started by Administrator in E:\市局内网审批系统workspace\spring-boot-activemq)
2019-11-18 15:50:48,307 DEBUG (StartupInfoLogger.java:51)- Running with Spring Boot v1.5.2.RELEASE, Spring v4.3.7.RELEASE
2019-11-18 15:50:48,309 INFO (SpringApplication.java:637)- No active profile set, falling back to default profiles: default
2019-11-18 15:50:51,474 INFO (StartupInfoLogger.java:57)- Started SpringbootJmsApplicationTests in 3.46 seconds (JVM running for 4.023)
2019-11-18 15:51:17,159 INFO (StartupInfoLogger.java:48)- Starting SpringbootJmsApplicationTests on USER-20151010LK with PID 5244 (started by Administrator in E:\市局内网审批系统workspace\spring-boot-activemq)
2019-11-18 15:51:17,161 DEBUG (StartupInfoLogger.java:51)- Running with Spring Boot v1.5.2.RELEASE, Spring v4.3.7.RELEASE
2019-11-18 15:51:17,161 INFO (SpringApplication.java:637)- No active profile set, falling back to default profiles: default
2019-11-18 15:51:20,486 INFO (StartupInfoLogger.java:57)- Started SpringbootJmsApplicationTests in 3.666 seconds (JVM running for 4.253)
2019-11-18 15:52:05,564 INFO (StartupInfoLogger.java:48)- Starting SpringbootJmsApplicationTests on USER-20151010LK with PID 14708 (started by Administrator in E:\市局内网审批系统workspace\spring-boot-activemq)
2019-11-18 15:52:05,565 DEBUG (StartupInfoLogger.java:51)- Running with Spring Boot v1.5.2.RELEASE, Spring v4.3.7.RELEASE
2019-11-18 15:52:05,565 INFO (SpringApplication.java:637)- No active profile set, falling back to default profiles: default
2019-11-18 15:52:09,272 INFO (StartupInfoLogger.java:57)- Started SpringbootJmsApplicationTests in 3.997 seconds (JVM running for 4.592)
2019-11-18 15:53:53,057 INFO (StartupInfoLogger.java:48)- Starting SpringbootJmsApplicationTests on USER-20151010LK with PID 13660 (started by Administrator in E:\市局内网审批系统workspace\spring-boot-activemq)
2019-11-18 15:53:53,058 DEBUG (StartupInfoLogger.java:51)- Running with Spring Boot v1.5.2.RELEASE, Spring v4.3.7.RELEASE
2019-11-18 15:53:53,061 INFO (SpringApplication.java:637)- No active profile set, falling back to default profiles: default
2019-11-18 15:53:56,230 INFO (StartupInfoLogger.java:57)- Started SpringbootJmsApplicationTests in 3.458 seconds (JVM running for 4.025)
2019-11-18 16:03:35,456 INFO (StartupInfoLogger.java:48)- Starting SpringbootJmsApplicationTests on USER-20151010LK with PID 13680 (started by Administrator in E:\市局内网审批系统workspace\spring-boot-activemq)
2019-11-18 16:03:35,457 DEBUG (StartupInfoLogger.java:51)- Running with Spring Boot v1.5.2.RELEASE, Spring v4.3.7.RELEASE
2019-11-18 16:03:35,457 INFO (SpringApplication.java:637)- No active profile set, falling back to default profiles: default
2019-11-18 16:03:38,578 INFO (StartupInfoLogger.java:57)- Started SpringbootJmsApplicationTests in 3.401 seconds (JVM running for 3.986)
2019-11-18 16:06:15,904 INFO (StartupInfoLogger.java:48)- Starting SpringbootJmsApplicationTests on USER-20151010LK with PID 10684 (started by Administrator in E:\市局内网审批系统workspace\spring-boot-activemq)
2019-11-18 16:06:15,904 DEBUG (StartupInfoLogger.java:51)- Running with Spring Boot v1.5.2.RELEASE, Spring v4.3.7.RELEASE
2019-11-18 16:06:15,905 INFO (SpringApplication.java:637)- No active profile set, falling back to default profiles: default
2019-11-18 16:06:19,026 INFO (StartupInfoLogger.java:57)- Started SpringbootJmsApplicationTests in 3.406 seconds (JVM running for 3.962)
2019-11-18 16:09:17,517 INFO (StartupInfoLogger.java:48)- Starting SpringbootJmsApplicationTests on USER-20151010LK with PID 13992 (started by Administrator in E:\市局内网审批系统workspace\spring-boot-activemq)
2019-11-18 16:09:17,518 DEBUG (StartupInfoLogger.java:51)- Running with Spring Boot v1.5.2.RELEASE, Spring v4.3.7.RELEASE
2019-11-18 16:09:17,519 INFO (SpringApplication.java:637)- No active profile set, falling back to default profiles: default
2019-11-18 16:09:20,698 INFO (StartupInfoLogger.java:57)- Started SpringbootJmsApplicationTests in 3.493 seconds (JVM running for 4.091)
2019-11-18 16:10:37,652 INFO (StartupInfoLogger.java:48)- Starting SpringbootJmsApplicationTests on USER-20151010LK with PID 14296 (started by Administrator in E:\市局内网审批系统workspace\spring-boot-activemq)
2019-11-18 16:10:37,654 DEBUG (StartupInfoLogger.java:51)- Running with Spring Boot v1.5.2.RELEASE, Spring v4.3.7.RELEASE
2019-11-18 16:10:37,655 INFO (SpringApplication.java:637)- No active profile set, falling back to default profiles: default
2019-11-18 16:10:40,677 INFO (StartupInfoLogger.java:57)- Started SpringbootJmsApplicationTests in 3.327 seconds (JVM running for 3.907)
2019-11-18 16:12:37,132 INFO (StartupInfoLogger.java:48)- Starting SpringbootJmsApplicationTests on USER-20151010LK with PID 13892 (started by Administrator in E:\市局内网审批系统workspace\spring-boot-activemq)
2019-11-18 16:12:37,133 DEBUG (StartupInfoLogger.java:51)- Running with Spring Boot v1.5.2.RELEASE, Spring v4.3.7.RELEASE
2019-11-18 16:12:37,134 INFO (SpringApplication.java:637)- No active profile set, falling back to default profiles: default
2019-11-18 16:12:40,072 INFO (StartupInfoLogger.java:57)- Started SpringbootJmsApplicationTests in 3.223 seconds (JVM running for 3.78)
2019-11-18 16:13:44,224 INFO (StartupInfoLogger.java:48)- Starting SpringbootJmsApplicationTests on USER-20151010LK with PID 14044 (started by Administrator in E:\市局内网审批系统workspace\spring-boot-activemq)
2019-11-18 16:13:44,225 DEBUG (StartupInfoLogger.java:51)- Running with Spring Boot v1.5.2.RELEASE, Spring v4.3.7.RELEASE
2019-11-18 16:13:44,227 INFO (SpringApplication.java:637)- No active profile set, falling back to default profiles: default
2019-11-18 16:13:47,292 INFO (StartupInfoLogger.java:57)- Started SpringbootJmsApplicationTests in 3.368 seconds (JVM running for 3.934)
2019-11-18 16:16:03,839 INFO (StartupInfoLogger.java:48)- Starting SpringbootJmsApplicationTests on USER-20151010LK with PID 11592 (started by Administrator in E:\市局内网审批系统workspace\spring-boot-activemq)
2019-11-18 16:16:03,840 DEBUG (StartupInfoLogger.java:51)- Running with Spring Boot v1.5.2.RELEASE, Spring v4.3.7.RELEASE
2019-11-18 16:16:03,840 INFO (SpringApplication.java:637)- No active profile set, falling back to default profiles: default
2019-11-18 16:16:06,901 INFO (StartupInfoLogger.java:57)- Started SpringbootJmsApplicationTests in 3.355 seconds (JVM running for 3.93)
2019-11-18 16:25:42,978 INFO (StartupInfoLogger.java:48)- Starting SpringbootJmsApplicationTests on USER-20151010LK with PID 14796 (started by Administrator in E:\市局内网审批系统workspace\spring-boot-activemq)
2019-11-18 16:25:42,979 DEBUG (StartupInfoLogger.java:51)- Running with Spring Boot v1.5.2.RELEASE, Spring v4.3.7.RELEASE
2019-11-18 16:25:42,979 INFO (SpringApplication.java:637)- No active profile set, falling back to default profiles: default
2019-11-18 16:25:46,815 INFO (StartupInfoLogger.java:57)- Started SpringbootJmsApplicationTests in 4.239 seconds (JVM running for 4.915)
